SF:lib\functions\contains_keys.dart
DA:4,1
DA:6,3
DA:9,3
DA:11,1
DA:13,3
DA:14,2
DA:17,1
DA:18,3
DA:19,5
DA:20,3
DA:25,3
LF:11
LH:11
end_of_record
SF:lib\ms_map_utils.dart
DA:19,2
DA:20,2
DA:21,2
DA:22,2
DA:23,2
DA:24,2
DA:25,2
DA:26,0
DA:27,2
DA:34,3
DA:39,3
DA:42,1
DA:43,2
DA:49,1
DA:50,2
DA:56,1
DA:57,2
DA:61,1
DA:62,2
DA:65,1
DA:67,2
DA:71,1
DA:73,2
DA:78,0
DA:79,0
LF:25
LH:22
end_of_record
SF:lib\functions\compact.dart
DA:7,1
DA:8,2
DA:9,2
DA:10,1
DA:11,1
DA:12,1
DA:13,2
DA:14,1
LF:8
LH:8
end_of_record
SF:lib\functions\diff.dart
DA:7,1
DA:8,1
DA:9,1
DA:10,2
DA:11,1
DA:13,1
DA:14,2
DA:15,2
DA:16,2
DA:17,1
DA:19,0
DA:20,0
DA:24,3
LF:13
LH:11
end_of_record
SF:lib\functions\do_if_contains.dart
DA:5,1
DA:8,1
DA:9,0
DA:10,2
DA:11,2
DA:13,1
LF:6
LH:5
end_of_record
SF:lib\functions\reduce.dart
DA:6,1
DA:8,2
DA:9,1
LF:3
LH:3
end_of_record
SF:lib\functions\remove_keys.dart
DA:7,1
DA:8,2
DA:9,1
DA:11,1
DA:12,1
DA:22,1
DA:23,2
DA:24,1
DA:25,1
DA:26,1
LF:10
LH:10
end_of_record
SF:lib\functions\trim.dart
DA:7,1
DA:8,3
DA:10,1
DA:11,1
DA:12,1
DA:13,1
DA:14,1
DA:15,5
DA:17,1
LF:9
LH:9
end_of_record
SF:lib\functions\put_if_absent_async.dart
DA:5,1
DA:7,1
DA:8,1
DA:10,2
DA:11,1
LF:5
LH:5
end_of_record
